0 info it worked if it ends with ok
1 verbose cli [ '/usr/local/bin/node',
1 verbose cli   '/usr/local/bin/npm',
1 verbose cli   'run',
1 verbose cli   'production' ]
2 info using npm@4.1.2
3 info using node@v7.6.0
4 verbose run-script [ 'preproduction', 'production', 'postproduction' ]
5 info lifecycle mix-jekyll@1.0.0~preproduction: mix-jekyll@1.0.0
6 silly lifecycle mix-jekyll@1.0.0~preproduction: no script for preproduction, continuing
7 info lifecycle mix-jekyll@1.0.0~production: mix-jekyll@1.0.0
8 verbose lifecycle mix-jekyll@1.0.0~production: unsafe-perm in lifecycle true
9 verbose lifecycle mix-jekyll@1.0.0~production: PATH: /usr/local/lib/node_modules/npm/bin/node-gyp-bin:/Users/johnpuddephatt/Sites/collaborativehousing/node_modules/.bin:/Users/johnpuddephatt/.rbenv/shims:/usr/local/opt/icu4c/bin:/usr/local/opt/icu4c/sbin:/usr/local/opt/icu4c/bin:/usr/local/opt/icu4c/sbin:/usr/local/opt/icu4c/bin:/usr/local/opt/mysql@5.7/bin:/Users/johnpuddephatt/.rbenv/shims:/usr/local/sbin:/usr/local/mysql/bin:/usr/local/bin:/usr/bin:/bin:/usr/sbin:/sbin:/opt/X11/bin
10 verbose lifecycle mix-jekyll@1.0.0~production: CWD: /Users/johnpuddephatt/Sites/collaborativehousing
11 silly lifecycle mix-jekyll@1.0.0~production: Args: [ '-c',
11 silly lifecycle   'NODE_ENV=production node_modules/webpack/bin/webpack.js --progress --hide-modules --config=node_modules/laravel-mix/setup/webpack.config.js && bundle exec jekyll build' ]
12 silly lifecycle mix-jekyll@1.0.0~production: Returned: code: 2  signal: null
13 info lifecycle mix-jekyll@1.0.0~production: Failed to exec production script
14 verbose stack Error: mix-jekyll@1.0.0 production: `NODE_ENV=production node_modules/webpack/bin/webpack.js --progress --hide-modules --config=node_modules/laravel-mix/setup/webpack.config.js && bundle exec jekyll build`
14 verbose stack Exit status 2
14 verbose stack     at EventEmitter.<anonymous> (/usr/local/lib/node_modules/npm/lib/utils/lifecycle.js:279:16)
14 verbose stack     at emitTwo (events.js:106:13)
14 verbose stack     at EventEmitter.emit (events.js:192:7)
14 verbose stack     at ChildProcess.<anonymous> (/usr/local/lib/node_modules/npm/lib/utils/spawn.js:40:14)
14 verbose stack     at emitTwo (events.js:106:13)
14 verbose stack     at ChildProcess.emit (events.js:192:7)
14 verbose stack     at maybeClose (internal/child_process.js:890:16)
14 verbose stack     at Process.ChildProcess._handle.onexit (internal/child_process.js:226:5)
15 verbose pkgid mix-jekyll@1.0.0
16 verbose cwd /Users/johnpuddephatt/Sites/collaborativehousing
17 error Darwin 18.7.0
18 error argv "/usr/local/bin/node" "/usr/local/bin/npm" "run" "production"
19 error node v7.6.0
20 error npm  v4.1.2
21 error code ELIFECYCLE
22 error mix-jekyll@1.0.0 production: `NODE_ENV=production node_modules/webpack/bin/webpack.js --progress --hide-modules --config=node_modules/laravel-mix/setup/webpack.config.js && bundle exec jekyll build`
22 error Exit status 2
23 error Failed at the mix-jekyll@1.0.0 production script 'NODE_ENV=production node_modules/webpack/bin/webpack.js --progress --hide-modules --config=node_modules/laravel-mix/setup/webpack.config.js && bundle exec jekyll build'.
23 error Make sure you have the latest version of node.js and npm installed.
23 error If you do, this is most likely a problem with the mix-jekyll package,
23 error not with npm itself.
23 error Tell the author that this fails on your system:
23 error     NODE_ENV=production node_modules/webpack/bin/webpack.js --progress --hide-modules --config=node_modules/laravel-mix/setup/webpack.config.js && bundle exec jekyll build
23 error You can get information on how to open an issue for this project with:
23 error     npm bugs mix-jekyll
23 error Or if that isn't available, you can get their info via:
23 error     npm owner ls mix-jekyll
23 error There is likely additional logging output above.
24 verbose exit [ 1, true ]
